<?xml version="1.0" encoding="UTF-8"?>
<testsuite name="com.co.ias.webflux.infraestructure.entry_points.user.UserHandlerTest" tests="1" skipped="0" failures="0" errors="0" timestamp="2023-05-30T20:49:35" hostname="Chaves-MacBook-Pro.local" time="0.091">
  <properties/>
  <testcase name="Create user invalido" classname="com.co.ias.webflux.infraestructure.entry_points.user.UserHandlerTest" time="0.091"/>
  <system-out><![CDATA[15:49:33.748 [Test worker] DEBUG org.springframework.test.context.BootstrapUtils - Instantiating CacheAwareContextLoaderDelegate from class [org.springframework.test.context.cache.DefaultCacheAwareContextLoaderDelegate]
15:49:33.752 [Test worker] DEBUG org.springframework.test.context.BootstrapUtils - Instantiating BootstrapContext using constructor [public org.springframework.test.context.support.DefaultBootstrapContext(java.lang.Class,org.springframework.test.context.CacheAwareContextLoaderDelegate)]
15:49:33.768 [Test worker] DEBUG org.springframework.test.context.BootstrapUtils - Instantiating TestContextBootstrapper for test class [com.co.ias.webflux.infraestructure.entry_points.user.UserHandlerTest] from class [org.springframework.boot.test.autoconfigure.web.reactive.WebFluxTestContextBootstrapper]
15:49:33.775 [Test worker] INFO org.springframework.boot.test.autoconfigure.web.reactive.WebFluxTestContextBootstrapper - Neither @ContextConfiguration nor @ContextHierarchy found for test class [com.co.ias.webflux.infraestructure.entry_points.user.UserHandlerTest], using SpringBootContextLoader
15:49:33.776 [Test worker] DEBUG org.springframework.test.context.support.AbstractContextLoader - Did not detect default resource location for test class [com.co.ias.webflux.infraestructure.entry_points.user.UserHandlerTest]: class path resource [com/co/ias/webflux/infraestructure/entry_points/user/UserHandlerTest-context.xml] does not exist
15:49:33.777 [Test worker] DEBUG org.springframework.test.context.support.AbstractContextLoader - Did not detect default resource location for test class [com.co.ias.webflux.infraestructure.entry_points.user.UserHandlerTest]: class path resource [com/co/ias/webflux/infraestructure/entry_points/user/UserHandlerTestContext.groovy] does not exist
15:49:33.777 [Test worker] INFO org.springframework.test.context.support.AbstractContextLoader - Could not detect default resource locations for test class [com.co.ias.webflux.infraestructure.entry_points.user.UserHandlerTest]: no resource found for suffixes {-context.xml, Context.groovy}.
15:49:33.777 [Test worker] INFO org.springframework.test.context.support.AnnotationConfigContextLoaderUtils - Could not detect default configuration classes for test class [com.co.ias.webflux.infraestructure.entry_points.user.UserHandlerTest]: UserHandlerTest does not declare any static, non-private, non-final, nested classes annotated with @Configuration.
15:49:33.810 [Test worker] DEBUG org.springframework.test.context.support.ActiveProfilesUtils - Could not find an 'annotation declaring class' for annotation type [org.springframework.test.context.ActiveProfiles] and class [com.co.ias.webflux.infraestructure.entry_points.user.UserHandlerTest]
15:49:33.834 [Test worker] DEBUG org.springframework.context.annotation.ClassPathScanningCandidateComponentProvider - Identified candidate component class: file [/Users/rchavem/Downloads/repo/webflux/build/classes/java/main/com/co/ias/webflux/WebfluxApplication.class]
15:49:33.835 [Test worker] INFO org.springframework.boot.test.context.SpringBootTestContextBootstrapper - Found @SpringBootConfiguration com.co.ias.webflux.WebfluxApplication for test class com.co.ias.webflux.infraestructure.entry_points.user.UserHandlerTest
15:49:33.836 [Test worker] DEBUG org.springframework.boot.test.autoconfigure.web.reactive.WebFluxTestContextBootstrapper - @TestExecutionListeners is not present for class [com.co.ias.webflux.infraestructure.entry_points.user.UserHandlerTest]: using defaults.
15:49:33.837 [Test worker] INFO org.springframework.boot.test.autoconfigure.web.reactive.WebFluxTestContextBootstrapper - Loaded default TestExecutionListener class names from location [META-INF/spring.factories]: [org.springframework.boot.test.autoconfigure.restdocs.RestDocsTestExecutionListener, org.springframework.boot.test.autoconfigure.web.client.MockRestServiceServerResetTestExecutionListener, org.springframework.boot.test.autoconfigure.web.servlet.MockMvcPrintOnlyOnFailureTestExecutionListener, org.springframework.boot.test.autoconfigure.web.servlet.WebDriverTestExecutionListener, org.springframework.boot.test.autoconfigure.webservices.client.MockWebServiceServerTestExecutionListener, org.springframework.boot.test.mock.mockito.MockitoTestExecutionListener, org.springframework.boot.test.mock.mockito.ResetMocksTestExecutionListener, org.springframework.test.context.web.ServletTestExecutionListener, org.springframework.test.context.support.DirtiesContextBeforeModesTestExecutionListener, org.springframework.test.context.event.ApplicationEventsTestExecutionListener, org.springframework.test.context.support.DependencyInjectionTestExecutionListener, org.springframework.test.context.support.DirtiesContextTestExecutionListener, org.springframework.test.context.transaction.TransactionalTestExecutionListener, org.springframework.test.context.jdbc.SqlScriptsTestExecutionListener, org.springframework.test.context.event.EventPublishingTestExecutionListener]
15:49:33.840 [Test worker] DEBUG org.springframework.boot.test.autoconfigure.web.reactive.WebFluxTestContextBootstrapper - Skipping candidate TestExecutionListener [org.springframework.test.context.web.ServletTestExecutionListener] due to a missing dependency. Specify custom listener classes or make the default listener classes and their required dependencies available. Offending class: [javax/servlet/ServletContext]
15:49:33.843 [Test worker] INFO org.springframework.boot.test.autoconfigure.web.reactive.WebFluxTestContextBootstrapper - Using TestExecutionListeners: [org.springframework.test.context.support.DirtiesContextBeforeModesTestExecutionListener@3dd1dc90, org.springframework.test.context.event.ApplicationEventsTestExecutionListener@abf688e, org.springframework.boot.test.mock.mockito.MockitoTestExecutionListener@478ee483, org.springframework.boot.test.autoconfigure.SpringBootDependencyInjectionTestExecutionListener@1a7288a3, org.springframework.test.context.support.DirtiesContextTestExecutionListener@2974f221, org.springframework.test.context.transaction.TransactionalTestExecutionListener@58fe0499, org.springframework.test.context.jdbc.SqlScriptsTestExecutionListener@686449f9, org.springframework.test.context.event.EventPublishingTestExecutionListener@665df3c6, org.springframework.boot.test.autoconfigure.restdocs.RestDocsTestExecutionListener@68b6f0d6, org.springframework.boot.test.autoconfigure.web.client.MockRestServiceServerResetTestExecutionListener@4044fb95, org.springframework.boot.test.autoconfigure.web.servlet.MockMvcPrintOnlyOnFailureTestExecutionListener@aa549e5, org.springframework.boot.test.autoconfigure.web.servlet.WebDriverTestExecutionListener@36f48b4, org.springframework.boot.test.autoconfigure.webservices.client.MockWebServiceServerTestExecutionListener@5c00384f, org.springframework.boot.test.mock.mockito.ResetMocksTestExecutionListener@3b7ff809]
15:49:33.845 [Test worker] DEBUG org.springframework.test.context.support.AbstractDirtiesContextTestExecutionListener - Before test class: context [DefaultTestContext@4a891c97 testClass = UserHandlerTest, testInstance = [null], testMethod = [null], testException = [null], mergedContextConfiguration = [ReactiveWebMergedContextConfiguration@a5bd950 testClass = UserHandlerTest, locations = '{}', classes = '{class com.co.ias.webflux.WebfluxApplication}', contextInitializerClasses = '[]', activeProfiles = '{}', propertySourceLocations = '{}', propertySourceProperties = '{org.springframework.boot.test.autoconfigure.web.reactive.WebFluxTestContextBootstrapper=true}', contextCustomizers = set[org.springframework.boot.test.autoconfigure.OverrideAutoConfigurationContextCustomizerFactory$DisableAutoConfigurationContextCustomizer@42bc14c1, org.springframework.boot.test.autoconfigure.actuate.metrics.MetricsExportContextCustomizerFactory$DisableMetricExportContextCustomizer@6f3c660a, org.springframework.boot.test.autoconfigure.filter.TypeExcludeFiltersContextCustomizer@7215b9c9, org.springframework.boot.test.autoconfigure.properties.PropertyMappingContextCustomizer@d06e9af4, org.springframework.boot.test.autoconfigure.web.servlet.WebDriverContextCustomizerFactory$Customizer@324a0017, [ImportsContextCustomizer@4d18aa28 key = [org.springframework.boot.autoconfigure.cache.CacheAutoConfiguration, org.springframework.boot.autoconfigure.gson.GsonAutoConfiguration, org.springframework.boot.autoconfigure.jackson.JacksonAutoConfiguration, org.springframework.boot.autoconfigure.jsonb.JsonbAutoConfiguration, org.springframework.boot.autoconfigure.context.MessageSourceAutoConfiguration, org.springframework.boot.autoconfigure.freemarker.FreeMarkerAutoConfiguration, org.springframework.boot.autoconfigure.http.codec.CodecsAutoConfiguration, org.springframework.boot.autoconfigure.mustache.MustacheAutoConfiguration, org.springframework.boot.autoconfigure.thymeleaf.ThymeleafAutoConfiguration, org.springframework.boot.autoconfigure.validation.ValidationAutoConfiguration, org.springframework.boot.autoconfigure.web.reactive.WebFluxAutoConfiguration, org.springframework.boot.autoconfigure.web.reactive.error.ErrorWebFluxAutoConfiguration, org.springframework.boot.autoconfigure.security.oauth2.client.reactive.ReactiveOAuth2ClientAutoConfiguration, org.springframework.boot.autoconfigure.security.oauth2.resource.reactive.ReactiveOAuth2ResourceServerAutoConfiguration, org.springframework.boot.autoconfigure.security.reactive.ReactiveSecurityAutoConfiguration, org.springframework.boot.autoconfigure.security.reactive.ReactiveUserDetailsServiceAutoConfiguration, org.springframework.boot.test.autoconfigure.web.reactive.WebTestClientAutoConfiguration]], org.springframework.boot.test.context.filter.ExcludeFilterContextCustomizer@1fdf1c5, org.springframework.boot.test.json.DuplicateJsonObjectContextCustomizerFactory$DuplicateJsonObjectContextCustomizer@7d64e326, org.springframework.boot.test.mock.mockito.MockitoContextCustomizer@c72401c3, org.springframework.boot.test.context.SpringBootTestArgs@1, org.springframework.boot.test.context.SpringBootTestWebEnvironment@0], contextLoader = 'org.springframework.boot.test.context.SpringBootContextLoader', parent = [null]], attributes = map[[empty]]], class annotated with @DirtiesContext [false] with mode [null].

  .   ____          _            __ _ _
 /\\ / ___'_ __ _ _(_)_ __  __ _ \ \ \ \
( ( )\___ | '_ | '_| | '_ \/ _` | \ \ \ \
 \\/  ___)| |_)| | | | | || (_| |  ) ) ) )
  '  |____| .__|_| |_|_| |_\__, | / / / /
 =========|_|==============|___/=/_/_/_/
 :: Spring Boot ::               (v2.7.12)

2023-05-30 15:49:34.601  INFO 64331 --- [    Test worker] c.c.i.w.i.e.user.UserHandlerTest         : Starting UserHandlerTest using Java 17.0.3 on Chaves-MacBook-Pro.local with PID 64331 (started by rchavem in /Users/rchavem/Downloads/repo/webflux)
2023-05-30 15:49:34.601  INFO 64331 --- [    Test worker] c.c.i.w.i.e.user.UserHandlerTest         : No active profile set, falling back to 1 default profile: "default"
2023-05-30 15:49:35.219  INFO 64331 --- [    Test worker] c.c.i.w.i.e.user.UserHandlerTest         : Started UserHandlerTest in 1.357 seconds (JVM running for 1.811)
]]></system-out>
  <system-err><![CDATA[]]></system-err>
</testsuite>
