<?xml version="1.0" encoding="UTF-8"?>
<testsuite name="com.co.ias.webflux.infraestructure.entry_points.user.UserHandlerTest" tests="4" skipped="0" failures="0" errors="0" timestamp="2023-05-30T15:47:38" hostname="Chaves-MacBook-Pro.local" time="0.081">
  <properties/>
  <testcase name="Create user invalido" classname="com.co.ias.webflux.infraestructure.entry_points.user.UserHandlerTest" time="0.002"/>
  <testcase name="queryUsers()" classname="com.co.ias.webflux.infraestructure.entry_points.user.UserHandlerTest" time="0.0"/>
  <testcase name="Create user success" classname="com.co.ias.webflux.infraestructure.entry_points.user.UserHandlerTest" time="0.073"/>
  <testcase name="Query user by id success" classname="com.co.ias.webflux.infraestructure.entry_points.user.UserHandlerTest" time="0.003"/>
  <system-out><![CDATA[2023-05-30 10:47:37.975  INFO 44186 --- [    Test worker] b.t.a.w.r.WebFluxTestContextBootstrapper : Neither @ContextConfiguration nor @ContextHierarchy found for test class [com.co.ias.webflux.infraestructure.entry_points.user.UserHandlerTest], using SpringBootContextLoader
2023-05-30 10:47:37.975  INFO 44186 --- [    Test worker] o.s.t.c.support.AbstractContextLoader    : Could not detect default resource locations for test class [com.co.ias.webflux.infraestructure.entry_points.user.UserHandlerTest]: no resource found for suffixes {-context.xml, Context.groovy}.
2023-05-30 10:47:37.975  INFO 44186 --- [    Test worker] t.c.s.AnnotationConfigContextLoaderUtils : Could not detect default configuration classes for test class [com.co.ias.webflux.infraestructure.entry_points.user.UserHandlerTest]: UserHandlerTest does not declare any static, non-private, non-final, nested classes annotated with @Configuration.
2023-05-30 10:47:37.986  INFO 44186 --- [    Test worker] .b.t.c.SpringBootTestContextBootstrapper : Found @SpringBootConfiguration com.co.ias.webflux.WebfluxApplication for test class com.co.ias.webflux.infraestructure.entry_points.user.UserHandlerTest
2023-05-30 10:47:37.987  INFO 44186 --- [    Test worker] b.t.a.w.r.WebFluxTestContextBootstrapper : Loaded default TestExecutionListener class names from location [META-INF/spring.factories]: [org.springframework.boot.test.autoconfigure.restdocs.RestDocsTestExecutionListener, org.springframework.boot.test.autoconfigure.web.client.MockRestServiceServerResetTestExecutionListener, org.springframework.boot.test.autoconfigure.web.servlet.MockMvcPrintOnlyOnFailureTestExecutionListener, org.springframework.boot.test.autoconfigure.web.servlet.WebDriverTestExecutionListener, org.springframework.boot.test.autoconfigure.webservices.client.MockWebServiceServerTestExecutionListener, org.springframework.boot.test.mock.mockito.MockitoTestExecutionListener, org.springframework.boot.test.mock.mockito.ResetMocksTestExecutionListener, org.springframework.test.context.web.ServletTestExecutionListener, org.springframework.test.context.support.DirtiesContextBeforeModesTestExecutionListener, org.springframework.test.context.event.ApplicationEventsTestExecutionListener, org.springframework.test.context.support.DependencyInjectionTestExecutionListener, org.springframework.test.context.support.DirtiesContextTestExecutionListener, org.springframework.test.context.transaction.TransactionalTestExecutionListener, org.springframework.test.context.jdbc.SqlScriptsTestExecutionListener, org.springframework.test.context.event.EventPublishingTestExecutionListener]
2023-05-30 10:47:37.987  INFO 44186 --- [    Test worker] b.t.a.w.r.WebFluxTestContextBootstrapper : Using TestExecutionListeners: [org.springframework.test.context.support.DirtiesContextBeforeModesTestExecutionListener@1ea96ff2, org.springframework.test.context.event.ApplicationEventsTestExecutionListener@60a99f3d, org.springframework.boot.test.mock.mockito.MockitoTestExecutionListener@57515944, org.springframework.boot.test.autoconfigure.SpringBootDependencyInjectionTestExecutionListener@7a274521, org.springframework.test.context.support.DirtiesContextTestExecutionListener@2fa47368, org.springframework.test.context.transaction.TransactionalTestExecutionListener@35841d6, org.springframework.test.context.jdbc.SqlScriptsTestExecutionListener@5e9ea380, org.springframework.test.context.event.EventPublishingTestExecutionListener@1e50eb3f, org.springframework.boot.test.autoconfigure.restdocs.RestDocsTestExecutionListener@12e3f4ae, org.springframework.boot.test.autoconfigure.web.client.MockRestServiceServerResetTestExecutionListener@537451d5, org.springframework.boot.test.autoconfigure.web.servlet.MockMvcPrintOnlyOnFailureTestExecutionListener@785d6a98, org.springframework.boot.test.autoconfigure.web.servlet.WebDriverTestExecutionListener@614d7fbf, org.springframework.boot.test.autoconfigure.webservices.client.MockWebServiceServerTestExecutionListener@6c06b1bc, org.springframework.boot.test.mock.mockito.ResetMocksTestExecutionListener@1d8dbf10]

  .   ____          _            __ _ _
 /\\ / ___'_ __ _ _(_)_ __  __ _ \ \ \ \
( ( )\___ | '_ | '_| | '_ \/ _` | \ \ \ \
 \\/  ___)| |_)| | | | | || (_| |  ) ) ) )
  '  |____| .__|_| |_|_| |_\__, | / / / /
 =========|_|==============|___/=/_/_/_/
 :: Spring Boot ::               (v2.7.12)

2023-05-30 10:47:37.999  INFO 44186 --- [    Test worker] c.c.i.w.i.e.user.UserHandlerTest         : Starting UserHandlerTest using Java 17.0.3 on Chaves-MacBook-Pro.local with PID 44186 (started by rchavem in /Users/rchavem/Downloads/repo/webflux)
2023-05-30 10:47:37.999  INFO 44186 --- [    Test worker] c.c.i.w.i.e.user.UserHandlerTest         : No active profile set, falling back to 1 default profile: "default"
2023-05-30 10:47:38.126  INFO 44186 --- [    Test worker] c.c.i.w.i.e.user.UserHandlerTest         : Started UserHandlerTest in 0.136 seconds (JVM running for 2.386)
]]></system-out>
  <system-err><![CDATA[]]></system-err>
</testsuite>
