<?xml version="1.0" encoding="UTF-8"?>
<testsuite name="com.co.ias.webflux.WebfluxApplicationTests" tests="1" skipped="0" failures="0" errors="0" timestamp="2023-05-30T15:47:37" hostname="Chaves-MacBook-Pro.local" time="0.178">
  <properties/>
  <testcase name="contextLoads()" classname="com.co.ias.webflux.WebfluxApplicationTests" time="0.178"/>
  <system-out><![CDATA[10:47:36.081 [Test worker] DEBUG org.springframework.test.context.BootstrapUtils - Instantiating CacheAwareContextLoaderDelegate from class [org.springframework.test.context.cache.DefaultCacheAwareContextLoaderDelegate]
10:47:36.085 [Test worker] DEBUG org.springframework.test.context.BootstrapUtils - Instantiating BootstrapContext using constructor [public org.springframework.test.context.support.DefaultBootstrapContext(java.lang.Class,org.springframework.test.context.CacheAwareContextLoaderDelegate)]
10:47:36.098 [Test worker] DEBUG org.springframework.test.context.BootstrapUtils - Instantiating TestContextBootstrapper for test class [com.co.ias.webflux.WebfluxApplicationTests] from class [org.springframework.boot.test.context.SpringBootTestContextBootstrapper]
10:47:36.102 [Test worker] INFO org.springframework.boot.test.context.SpringBootTestContextBootstrapper - Neither @ContextConfiguration nor @ContextHierarchy found for test class [com.co.ias.webflux.WebfluxApplicationTests], using SpringBootContextLoader
10:47:36.104 [Test worker] DEBUG org.springframework.test.context.support.AbstractContextLoader - Did not detect default resource location for test class [com.co.ias.webflux.WebfluxApplicationTests]: class path resource [com/co/ias/webflux/WebfluxApplicationTests-context.xml] does not exist
10:47:36.104 [Test worker] DEBUG org.springframework.test.context.support.AbstractContextLoader - Did not detect default resource location for test class [com.co.ias.webflux.WebfluxApplicationTests]: class path resource [com/co/ias/webflux/WebfluxApplicationTestsContext.groovy] does not exist
10:47:36.104 [Test worker] INFO org.springframework.test.context.support.AbstractContextLoader - Could not detect default resource locations for test class [com.co.ias.webflux.WebfluxApplicationTests]: no resource found for suffixes {-context.xml, Context.groovy}.
10:47:36.104 [Test worker] INFO org.springframework.test.context.support.AnnotationConfigContextLoaderUtils - Could not detect default configuration classes for test class [com.co.ias.webflux.WebfluxApplicationTests]: WebfluxApplicationTests does not declare any static, non-private, non-final, nested classes annotated with @Configuration.
10:47:36.123 [Test worker] DEBUG org.springframework.test.context.support.ActiveProfilesUtils - Could not find an 'annotation declaring class' for annotation type [org.springframework.test.context.ActiveProfiles] and class [com.co.ias.webflux.WebfluxApplicationTests]
10:47:36.146 [Test worker] DEBUG org.springframework.context.annotation.ClassPathScanningCandidateComponentProvider - Identified candidate component class: file [/Users/rchavem/Downloads/repo/webflux/build/classes/java/main/com/co/ias/webflux/WebfluxApplication.class]
10:47:36.146 [Test worker] INFO org.springframework.boot.test.context.SpringBootTestContextBootstrapper - Found @SpringBootConfiguration com.co.ias.webflux.WebfluxApplication for test class com.co.ias.webflux.WebfluxApplicationTests
10:47:36.179 [Test worker] DEBUG org.springframework.boot.test.context.SpringBootTestContextBootstrapper - @TestExecutionListeners is not present for class [com.co.ias.webflux.WebfluxApplicationTests]: using defaults.
10:47:36.179 [Test worker] INFO org.springframework.boot.test.context.SpringBootTestContextBootstrapper - Loaded default TestExecutionListener class names from location [META-INF/spring.factories]: [org.springframework.boot.test.autoconfigure.restdocs.RestDocsTestExecutionListener, org.springframework.boot.test.autoconfigure.web.client.MockRestServiceServerResetTestExecutionListener, org.springframework.boot.test.autoconfigure.web.servlet.MockMvcPrintOnlyOnFailureTestExecutionListener, org.springframework.boot.test.autoconfigure.web.servlet.WebDriverTestExecutionListener, org.springframework.boot.test.autoconfigure.webservices.client.MockWebServiceServerTestExecutionListener, org.springframework.boot.test.mock.mockito.MockitoTestExecutionListener, org.springframework.boot.test.mock.mockito.ResetMocksTestExecutionListener, org.springframework.test.context.web.ServletTestExecutionListener, org.springframework.test.context.support.DirtiesContextBeforeModesTestExecutionListener, org.springframework.test.context.event.ApplicationEventsTestExecutionListener, org.springframework.test.context.support.DependencyInjectionTestExecutionListener, org.springframework.test.context.support.DirtiesContextTestExecutionListener, org.springframework.test.context.transaction.TransactionalTestExecutionListener, org.springframework.test.context.jdbc.SqlScriptsTestExecutionListener, org.springframework.test.context.event.EventPublishingTestExecutionListener]
10:47:36.184 [Test worker] DEBUG org.springframework.boot.test.context.SpringBootTestContextBootstrapper - Skipping candidate TestExecutionListener [org.springframework.test.context.web.ServletTestExecutionListener] due to a missing dependency. Specify custom listener classes or make the default listener classes and their required dependencies available. Offending class: [javax/servlet/ServletContext]
10:47:36.186 [Test worker] INFO org.springframework.boot.test.context.SpringBootTestContextBootstrapper - Using TestExecutionListeners: [org.springframework.test.context.support.DirtiesContextBeforeModesTestExecutionListener@2611b9a3, org.springframework.test.context.event.ApplicationEventsTestExecutionListener@54227100, org.springframework.boot.test.mock.mockito.MockitoTestExecutionListener@6b5894c8, org.springframework.boot.test.autoconfigure.SpringBootDependencyInjectionTestExecutionListener@1433046b, org.springframework.test.context.support.DirtiesContextTestExecutionListener@3f446bef, org.springframework.test.context.transaction.TransactionalTestExecutionListener@7829b776, org.springframework.test.context.jdbc.SqlScriptsTestExecutionListener@5778826f, org.springframework.test.context.event.EventPublishingTestExecutionListener@5b64c4b7, org.springframework.boot.test.autoconfigure.restdocs.RestDocsTestExecutionListener@4763c727, org.springframework.boot.test.autoconfigure.web.client.MockRestServiceServerResetTestExecutionListener@72445aba, org.springframework.boot.test.autoconfigure.web.servlet.MockMvcPrintOnlyOnFailureTestExecutionListener@61bcd567, org.springframework.boot.test.autoconfigure.web.servlet.WebDriverTestExecutionListener@1c80e49b, org.springframework.boot.test.autoconfigure.webservices.client.MockWebServiceServerTestExecutionListener@458342d3, org.springframework.boot.test.mock.mockito.ResetMocksTestExecutionListener@15c25153]
10:47:36.187 [Test worker] DEBUG org.springframework.test.context.support.AbstractDirtiesContextTestExecutionListener - Before test class: context [DefaultTestContext@426b6a74 testClass = WebfluxApplicationTests, testInstance = [null], testMethod = [null], testException = [null], mergedContextConfiguration = [ReactiveWebMergedContextConfiguration@4c51bb7 testClass = WebfluxApplicationTests, locations = '{}', classes = '{class com.co.ias.webflux.WebfluxApplication}', contextInitializerClasses = '[]', activeProfiles = '{}', propertySourceLocations = '{}', propertySourceProperties = '{org.springframework.boot.test.context.SpringBootTestContextBootstrapper=true}', contextCustomizers = set[org.springframework.boot.test.autoconfigure.actuate.metrics.MetricsExportContextCustomizerFactory$DisableMetricExportContextCustomizer@77102b91, org.springframework.boot.test.autoconfigure.properties.PropertyMappingContextCustomizer@0, org.springframework.boot.test.autoconfigure.web.servlet.WebDriverContextCustomizerFactory$Customizer@7749bf93, org.springframework.boot.test.context.filter.ExcludeFilterContextCustomizer@39a2bb97, org.springframework.boot.test.json.DuplicateJsonObjectContextCustomizerFactory$DuplicateJsonObjectContextCustomizer@554e218, org.springframework.boot.test.mock.mockito.MockitoContextCustomizer@0, org.springframework.boot.test.web.client.TestRestTemplateContextCustomizer@740d2e78, org.springframework.boot.test.web.reactive.server.WebTestClientContextCustomizer@29a0cdb, org.springframework.boot.test.context.SpringBootTestArgs@1, org.springframework.boot.test.context.SpringBootTestWebEnvironment@50caa560], contextLoader = 'org.springframework.boot.test.context.SpringBootContextLoader', parent = [null]], attributes = map[[empty]]], class annotated with @DirtiesContext [false] with mode [null].
10:47:36.192 [Test worker] DEBUG org.springframework.test.context.support.DependencyInjectionTestExecutionListener - Performing dependency injection for test context [[DefaultTestContext@426b6a74 testClass = WebfluxApplicationTests, testInstance = com.co.ias.webflux.WebfluxApplicationTests@67389cb8, testMethod = [null], testException = [null], mergedContextConfiguration = [ReactiveWebMergedContextConfiguration@4c51bb7 testClass = WebfluxApplicationTests, locations = '{}', classes = '{class com.co.ias.webflux.WebfluxApplication}', contextInitializerClasses = '[]', activeProfiles = '{}', propertySourceLocations = '{}', propertySourceProperties = '{org.springframework.boot.test.context.SpringBootTestContextBootstrapper=true}', contextCustomizers = set[org.springframework.boot.test.autoconfigure.actuate.metrics.MetricsExportContextCustomizerFactory$DisableMetricExportContextCustomizer@77102b91, org.springframework.boot.test.autoconfigure.properties.PropertyMappingContextCustomizer@0, org.springframework.boot.test.autoconfigure.web.servlet.WebDriverContextCustomizerFactory$Customizer@7749bf93, org.springframework.boot.test.context.filter.ExcludeFilterContextCustomizer@39a2bb97, org.springframework.boot.test.json.DuplicateJsonObjectContextCustomizerFactory$DuplicateJsonObjectContextCustomizer@554e218, org.springframework.boot.test.mock.mockito.MockitoContextCustomizer@0, org.springframework.boot.test.web.client.TestRestTemplateContextCustomizer@740d2e78, org.springframework.boot.test.web.reactive.server.WebTestClientContextCustomizer@29a0cdb, org.springframework.boot.test.context.SpringBootTestArgs@1, org.springframework.boot.test.context.SpringBootTestWebEnvironment@50caa560], contextLoader = 'org.springframework.boot.test.context.SpringBootContextLoader', parent = [null]], attributes = map['org.springframework.test.context.event.ApplicationEventsTestExecutionListener.recordApplicationEvents' -> false]]].

  .   ____          _            __ _ _
 /\\ / ___'_ __ _ _(_)_ __  __ _ \ \ \ \
( ( )\___ | '_ | '_| | '_ \/ _` | \ \ \ \
 \\/  ___)| |_)| | | | | || (_| |  ) ) ) )
  '  |____| .__|_| |_|_| |_\__, | / / / /
 =========|_|==============|___/=/_/_/_/
 :: Spring Boot ::               (v2.7.12)

2023-05-30 10:47:36.504  INFO 44186 --- [    Test worker] c.c.ias.webflux.WebfluxApplicationTests  : Starting WebfluxApplicationTests using Java 17.0.3 on Chaves-MacBook-Pro.local with PID 44186 (started by rchavem in /Users/rchavem/Downloads/repo/webflux)
2023-05-30 10:47:36.505  INFO 44186 --- [    Test worker] c.c.ias.webflux.WebfluxApplicationTests  : No active profile set, falling back to 1 default profile: "default"
2023-05-30 10:47:36.719  INFO 44186 --- [    Test worker] .s.d.r.c.RepositoryConfigurationDelegate : Bootstrapping Spring Data R2DBC repositories in DEFAULT mode.
2023-05-30 10:47:36.724  INFO 44186 --- [    Test worker] .s.d.r.c.RepositoryConfigurationDelegate : Finished Spring Data repository scanning in 3 ms. Found 0 R2DBC repository interfaces.
2023-05-30 10:47:36.812  INFO 44186 --- [    Test worker] .s.d.r.c.RepositoryConfigurationDelegate : Bootstrapping Spring Data R2DBC repositories in DEFAULT mode.
2023-05-30 10:47:36.867  INFO 44186 --- [    Test worker] .s.d.r.c.RepositoryConfigurationDelegate : Finished Spring Data repository scanning in 54 ms. Found 1 R2DBC repository interfaces.
2023-05-30 10:47:37.407  INFO 44186 --- [    Test worker] o.s.b.a.e.web.EndpointLinksResolver      : Exposing 1 endpoint(s) beneath base path '/actuator'
2023-05-30 10:47:37.789  INFO 44186 --- [    Test worker] c.c.ias.webflux.WebfluxApplicationTests  : Started WebfluxApplicationTests in 1.588 seconds (JVM running for 2.049)
]]></system-out>
  <system-err><![CDATA[]]></system-err>
</testsuite>
